(0.004) QUERY = "\n            SELECT name, type FROM sqlite_master\n            WHERE type in ('table', 'view') AND NOT name='sqlite_sequence'\n            ORDER BY name" - PARAMS = (); args=None
(0.001) QUERY = 'SELECT "django_migrations"."app", "django_migrations"."name" FROM "django_migrations"' - PARAMS = (); args=()
(0.004) QUERY = 'SELECT "wall_post"."id", "wall_post"."author_id", "wall_post"."title", "wall_post"."text", "wall_post"."created_date" FROM "wall_post" WHERE "wall_post"."id" = %s' - PARAMS = (1,); args=(1,)
(0.003) QUERY = 'SELECT "wall_post"."id", "wall_post"."author_id", "wall_post"."title", "wall_post"."text", "wall_post"."created_date" FROM "wall_post"' - PARAMS = (); args=()
(0.001) QUERY = 'SELECT "wall_comment"."id", "wall_comment"."post_id", "wall_comment"."author", "wall_comment"."text", "wall_comment"."email", "wall_comment"."website", "wall_comment"."created_date" FROM "wall_comment" WHERE "wall_comment"."post_id" IN (%s, %s, %s, %s, %s, %s)' - PARAMS = (1, 2, 3, 4, 5, 6); args=(1, 2, 3, 4, 5, 6)
(0.001) QUERY = 'SELECT "auth_user"."id", "auth_user"."password", "auth_user"."last_login", "auth_user"."is_superuser", "auth_user"."username", "auth_user"."first_name", "auth_user"."last_name", "auth_user"."email", "auth_user"."is_staff", "auth_user"."is_active", "auth_user"."date_joined" FROM "auth_user" WHERE "auth_user"."id" = %s' - PARAMS = (1,); args=(1,)
(0.008) QUERY = 'SELECT "auth_user"."id", "auth_user"."password", "auth_user"."last_login", "auth_user"."is_superuser", "auth_user"."username", "auth_user"."first_name", "auth_user"."last_name", "auth_user"."email", "auth_user"."is_staff", "auth_user"."is_active", "auth_user"."date_joined" FROM "auth_user" WHERE "auth_user"."id" = %s' - PARAMS = (1,); args=(1,)
(0.004) QUERY = 'SELECT "auth_user"."id", "auth_user"."password", "auth_user"."last_login", "auth_user"."is_superuser", "auth_user"."username", "auth_user"."first_name", "auth_user"."last_name", "auth_user"."email", "auth_user"."is_staff", "auth_user"."is_active", "auth_user"."date_joined" FROM "auth_user" WHERE "auth_user"."id" = %s' - PARAMS = (1,); args=(1,)
(0.002) QUERY = 'SELECT "auth_user"."id", "auth_user"."password", "auth_user"."last_login", "auth_user"."is_superuser", "auth_user"."username", "auth_user"."first_name", "auth_user"."last_name", "auth_user"."email", "auth_user"."is_staff", "auth_user"."is_active", "auth_user"."date_joined" FROM "auth_user" WHERE "auth_user"."id" = %s' - PARAMS = (1,); args=(1,)
(0.002) QUERY = 'SELECT "auth_user"."id", "auth_user"."password", "auth_user"."last_login", "auth_user"."is_superuser", "auth_user"."username", "auth_user"."first_name", "auth_user"."last_name", "auth_user"."email", "auth_user"."is_staff", "auth_user"."is_active", "auth_user"."date_joined" FROM "auth_user" WHERE "auth_user"."id" = %s' - PARAMS = (1,); args=(1,)
(0.001) QUERY = 'SELECT "auth_user"."id", "auth_user"."password", "auth_user"."last_login", "auth_user"."is_superuser", "auth_user"."username", "auth_user"."first_name", "auth_user"."last_name", "auth_user"."email", "auth_user"."is_staff", "auth_user"."is_active", "auth_user"."date_joined" FROM "auth_user" WHERE "auth_user"."id" = %s' - PARAMS = (1,); args=(1,)
(0.003) QUERY = 'SELECT "wall_post"."id", "wall_post"."author_id", "wall_post"."title", "wall_post"."text", "wall_post"."created_date" FROM "wall_post" WHERE "wall_post"."id" = %s' - PARAMS = (1,); args=(1,)
(0.001) QUERY = 'SELECT "wall_post"."id", "wall_post"."author_id", "wall_post"."title", "wall_post"."text", "wall_post"."created_date" FROM "wall_post"' - PARAMS = (); args=()
(0.001) QUERY = 'SELECT "wall_comment"."id", "wall_comment"."post_id", "wall_comment"."author", "wall_comment"."text", "wall_comment"."email", "wall_comment"."website", "wall_comment"."created_date" FROM "wall_comment" WHERE "wall_comment"."post_id" IN (%s, %s, %s, %s, %s, %s)' - PARAMS = (1, 2, 3, 4, 5, 6); args=(1, 2, 3, 4, 5, 6)
(0.001) QUERY = 'SELECT "auth_user"."id", "auth_user"."password", "auth_user"."last_login", "auth_user"."is_superuser", "auth_user"."username", "auth_user"."first_name", "auth_user"."last_name", "auth_user"."email", "auth_user"."is_staff", "auth_user"."is_active", "auth_user"."date_joined" FROM "auth_user" WHERE "auth_user"."id" = %s' - PARAMS = (1,); args=(1,)
(0.002) QUERY = 'SELECT "auth_user"."id", "auth_user"."password", "auth_user"."last_login", "auth_user"."is_superuser", "auth_user"."username", "auth_user"."first_name", "auth_user"."last_name", "auth_user"."email", "auth_user"."is_staff", "auth_user"."is_active", "auth_user"."date_joined" FROM "auth_user" WHERE "auth_user"."id" = %s' - PARAMS = (1,); args=(1,)
(0.001) QUERY = 'SELECT "auth_user"."id", "auth_user"."password", "auth_user"."last_login", "auth_user"."is_superuser", "auth_user"."username", "auth_user"."first_name", "auth_user"."last_name", "auth_user"."email", "auth_user"."is_staff", "auth_user"."is_active", "auth_user"."date_joined" FROM "auth_user" WHERE "auth_user"."id" = %s' - PARAMS = (1,); args=(1,)
(0.001) QUERY = 'SELECT "auth_user"."id", "auth_user"."password", "auth_user"."last_login", "auth_user"."is_superuser", "auth_user"."username", "auth_user"."first_name", "auth_user"."last_name", "auth_user"."email", "auth_user"."is_staff", "auth_user"."is_active", "auth_user"."date_joined" FROM "auth_user" WHERE "auth_user"."id" = %s' - PARAMS = (1,); args=(1,)
(0.001) QUERY = 'SELECT "auth_user"."id", "auth_user"."password", "auth_user"."last_login", "auth_user"."is_superuser", "auth_user"."username", "auth_user"."first_name", "auth_user"."last_name", "auth_user"."email", "auth_user"."is_staff", "auth_user"."is_active", "auth_user"."date_joined" FROM "auth_user" WHERE "auth_user"."id" = %s' - PARAMS = (1,); args=(1,)
(0.002) QUERY = 'SELECT "auth_user"."id", "auth_user"."password", "auth_user"."last_login", "auth_user"."is_superuser", "auth_user"."username", "auth_user"."first_name", "auth_user"."last_name", "auth_user"."email", "auth_user"."is_staff", "auth_user"."is_active", "auth_user"."date_joined" FROM "auth_user" WHERE "auth_user"."id" = %s' - PARAMS = (1,); args=(1,)
(0.004) QUERY = "\n            SELECT name, type FROM sqlite_master\n            WHERE type in ('table', 'view') AND NOT name='sqlite_sequence'\n            ORDER BY name" - PARAMS = (); args=None
(0.001) QUERY = 'SELECT "django_migrations"."app", "django_migrations"."name" FROM "django_migrations"' - PARAMS = (); args=()
(0.003) QUERY = 'SELECT "wall_post"."id", "wall_post"."author_id", "wall_post"."title", "wall_post"."text", "wall_post"."created_date" FROM "wall_post" WHERE "wall_post"."id" = %s' - PARAMS = (1,); args=(1,)
(0.002) QUERY = 'SELECT "wall_post"."id", "wall_post"."author_id", "wall_post"."title", "wall_post"."text", "wall_post"."created_date" FROM "wall_post"' - PARAMS = (); args=()
(0.001) QUERY = 'SELECT "wall_comment"."id", "wall_comment"."post_id", "wall_comment"."author", "wall_comment"."text", "wall_comment"."email", "wall_comment"."website", "wall_comment"."created_date" FROM "wall_comment" WHERE "wall_comment"."post_id" IN (%s, %s, %s, %s, %s, %s)' - PARAMS = (1, 2, 3, 4, 5, 6); args=(1, 2, 3, 4, 5, 6)
(0.001) QUERY = 'SELECT "auth_user"."id", "auth_user"."password", "auth_user"."last_login", "auth_user"."is_superuser", "auth_user"."username", "auth_user"."first_name", "auth_user"."last_name", "auth_user"."email", "auth_user"."is_staff", "auth_user"."is_active", "auth_user"."date_joined" FROM "auth_user" WHERE "auth_user"."id" = %s' - PARAMS = (1,); args=(1,)
(0.002) QUERY = 'SELECT "auth_user"."id", "auth_user"."password", "auth_user"."last_login", "auth_user"."is_superuser", "auth_user"."username", "auth_user"."first_name", "auth_user"."last_name", "auth_user"."email", "auth_user"."is_staff", "auth_user"."is_active", "auth_user"."date_joined" FROM "auth_user" WHERE "auth_user"."id" = %s' - PARAMS = (1,); args=(1,)
(0.001) QUERY = 'SELECT "auth_user"."id", "auth_user"."password", "auth_user"."last_login", "auth_user"."is_superuser", "auth_user"."username", "auth_user"."first_name", "auth_user"."last_name", "auth_user"."email", "auth_user"."is_staff", "auth_user"."is_active", "auth_user"."date_joined" FROM "auth_user" WHERE "auth_user"."id" = %s' - PARAMS = (1,); args=(1,)
(0.001) QUERY = 'SELECT "auth_user"."id", "auth_user"."password", "auth_user"."last_login", "auth_user"."is_superuser", "auth_user"."username", "auth_user"."first_name", "auth_user"."last_name", "auth_user"."email", "auth_user"."is_staff", "auth_user"."is_active", "auth_user"."date_joined" FROM "auth_user" WHERE "auth_user"."id" = %s' - PARAMS = (1,); args=(1,)
(0.001) QUERY = 'SELECT "auth_user"."id", "auth_user"."password", "auth_user"."last_login", "auth_user"."is_superuser", "auth_user"."username", "auth_user"."first_name", "auth_user"."last_name", "auth_user"."email", "auth_user"."is_staff", "auth_user"."is_active", "auth_user"."date_joined" FROM "auth_user" WHERE "auth_user"."id" = %s' - PARAMS = (1,); args=(1,)
(0.002) QUERY = 'SELECT "auth_user"."id", "auth_user"."password", "auth_user"."last_login", "auth_user"."is_superuser", "auth_user"."username", "auth_user"."first_name", "auth_user"."last_name", "auth_user"."email", "auth_user"."is_staff", "auth_user"."is_active", "auth_user"."date_joined" FROM "auth_user" WHERE "auth_user"."id" = %s' - PARAMS = (1,); args=(1,)
Not Found: /favicon.ico
Not Found: /static/css/wall.css
Not Found: /favicon.ico
Not Found: /static/css/wall.css
Not Found: /static/css/wall.css
Not Found: /static/css/wall.css
Not Found: /static/css/wall.css
Not Found: /favicon.ico
Not Found: /static/css/wall.css
Not Found: /static/css/wall.css
Not Found: /null
Not Found: /static/css/wall.css
(0.003) QUERY = "\n            SELECT name, type FROM sqlite_master\n            WHERE type in ('table', 'view') AND NOT name='sqlite_sequence'\n            ORDER BY name" - PARAMS = (); args=None
(0.001) QUERY = 'SELECT "django_migrations"."app", "django_migrations"."name" FROM "django_migrations"' - PARAMS = (); args=()
(0.004) QUERY = "\n            SELECT name, type FROM sqlite_master\n            WHERE type in ('table', 'view') AND NOT name='sqlite_sequence'\n            ORDER BY name" - PARAMS = (); args=None
(0.001) QUERY = 'SELECT "django_migrations"."app", "django_migrations"."name" FROM "django_migrations"' - PARAMS = (); args=()
(0.006) QUERY = 'SELECT "wall_post"."id", "wall_post"."author_id", "wall_post"."title", "wall_post"."text", "wall_post"."created_date" FROM "wall_post" WHERE "wall_post"."id" = %s' - PARAMS = (1,); args=(1,)
(0.002) QUERY = 'SELECT "wall_post"."id", "wall_post"."author_id", "wall_post"."title", "wall_post"."text", "wall_post"."created_date" FROM "wall_post"' - PARAMS = (); args=()
(0.001) QUERY = 'SELECT "wall_comment"."id", "wall_comment"."post_id", "wall_comment"."author", "wall_comment"."text", "wall_comment"."email", "wall_comment"."website", "wall_comment"."created_date" FROM "wall_comment" WHERE "wall_comment"."post_id" IN (%s, %s, %s, %s, %s, %s)' - PARAMS = (1, 2, 3, 4, 5, 6); args=(1, 2, 3, 4, 5, 6)
(0.001) QUERY = 'SELECT "auth_user"."id", "auth_user"."password", "auth_user"."last_login", "auth_user"."is_superuser", "auth_user"."username", "auth_user"."first_name", "auth_user"."last_name", "auth_user"."email", "auth_user"."is_staff", "auth_user"."is_active", "auth_user"."date_joined" FROM "auth_user" WHERE "auth_user"."id" = %s' - PARAMS = (1,); args=(1,)
(0.002) QUERY = 'SELECT "auth_user"."id", "auth_user"."password", "auth_user"."last_login", "auth_user"."is_superuser", "auth_user"."username", "auth_user"."first_name", "auth_user"."last_name", "auth_user"."email", "auth_user"."is_staff", "auth_user"."is_active", "auth_user"."date_joined" FROM "auth_user" WHERE "auth_user"."id" = %s' - PARAMS = (1,); args=(1,)
(0.001) QUERY = 'SELECT "auth_user"."id", "auth_user"."password", "auth_user"."last_login", "auth_user"."is_superuser", "auth_user"."username", "auth_user"."first_name", "auth_user"."last_name", "auth_user"."email", "auth_user"."is_staff", "auth_user"."is_active", "auth_user"."date_joined" FROM "auth_user" WHERE "auth_user"."id" = %s' - PARAMS = (1,); args=(1,)
(0.001) QUERY = 'SELECT "auth_user"."id", "auth_user"."password", "auth_user"."last_login", "auth_user"."is_superuser", "auth_user"."username", "auth_user"."first_name", "auth_user"."last_name", "auth_user"."email", "auth_user"."is_staff", "auth_user"."is_active", "auth_user"."date_joined" FROM "auth_user" WHERE "auth_user"."id" = %s' - PARAMS = (1,); args=(1,)
(0.001) QUERY = 'SELECT "auth_user"."id", "auth_user"."password", "auth_user"."last_login", "auth_user"."is_superuser", "auth_user"."username", "auth_user"."first_name", "auth_user"."last_name", "auth_user"."email", "auth_user"."is_staff", "auth_user"."is_active", "auth_user"."date_joined" FROM "auth_user" WHERE "auth_user"."id" = %s' - PARAMS = (1,); args=(1,)
(0.001) QUERY = 'SELECT "auth_user"."id", "auth_user"."password", "auth_user"."last_login", "auth_user"."is_superuser", "auth_user"."username", "auth_user"."first_name", "auth_user"."last_name", "auth_user"."email", "auth_user"."is_staff", "auth_user"."is_active", "auth_user"."date_joined" FROM "auth_user" WHERE "auth_user"."id" = %s' - PARAMS = (1,); args=(1,)
(0.003) QUERY = 'SELECT "wall_post"."id", "wall_post"."author_id", "wall_post"."title", "wall_post"."text", "wall_post"."created_date" FROM "wall_post" WHERE "wall_post"."id" = %s' - PARAMS = (1,); args=(1,)
(0.001) QUERY = 'SELECT "wall_post"."id", "wall_post"."author_id", "wall_post"."title", "wall_post"."text", "wall_post"."created_date" FROM "wall_post"' - PARAMS = (); args=()
(0.001) QUERY = 'SELECT "wall_comment"."id", "wall_comment"."post_id", "wall_comment"."author", "wall_comment"."text", "wall_comment"."email", "wall_comment"."website", "wall_comment"."created_date" FROM "wall_comment" WHERE "wall_comment"."post_id" IN (%s, %s, %s, %s, %s, %s)' - PARAMS = (1, 2, 3, 4, 5, 6); args=(1, 2, 3, 4, 5, 6)
(0.001) QUERY = 'SELECT "auth_user"."id", "auth_user"."password", "auth_user"."last_login", "auth_user"."is_superuser", "auth_user"."username", "auth_user"."first_name", "auth_user"."last_name", "auth_user"."email", "auth_user"."is_staff", "auth_user"."is_active", "auth_user"."date_joined" FROM "auth_user" WHERE "auth_user"."id" = %s' - PARAMS = (1,); args=(1,)
(0.001) QUERY = 'SELECT "auth_user"."id", "auth_user"."password", "auth_user"."last_login", "auth_user"."is_superuser", "auth_user"."username", "auth_user"."first_name", "auth_user"."last_name", "auth_user"."email", "auth_user"."is_staff", "auth_user"."is_active", "auth_user"."date_joined" FROM "auth_user" WHERE "auth_user"."id" = %s' - PARAMS = (1,); args=(1,)
(0.001) QUERY = 'SELECT "auth_user"."id", "auth_user"."password", "auth_user"."last_login", "auth_user"."is_superuser", "auth_user"."username", "auth_user"."first_name", "auth_user"."last_name", "auth_user"."email", "auth_user"."is_staff", "auth_user"."is_active", "auth_user"."date_joined" FROM "auth_user" WHERE "auth_user"."id" = %s' - PARAMS = (1,); args=(1,)
(0.001) QUERY = 'SELECT "auth_user"."id", "auth_user"."password", "auth_user"."last_login", "auth_user"."is_superuser", "auth_user"."username", "auth_user"."first_name", "auth_user"."last_name", "auth_user"."email", "auth_user"."is_staff", "auth_user"."is_active", "auth_user"."date_joined" FROM "auth_user" WHERE "auth_user"."id" = %s' - PARAMS = (1,); args=(1,)
(0.001) QUERY = 'SELECT "auth_user"."id", "auth_user"."password", "auth_user"."last_login", "auth_user"."is_superuser", "auth_user"."username", "auth_user"."first_name", "auth_user"."last_name", "auth_user"."email", "auth_user"."is_staff", "auth_user"."is_active", "auth_user"."date_joined" FROM "auth_user" WHERE "auth_user"."id" = %s' - PARAMS = (1,); args=(1,)
(0.001) QUERY = 'SELECT "auth_user"."id", "auth_user"."password", "auth_user"."last_login", "auth_user"."is_superuser", "auth_user"."username", "auth_user"."first_name", "auth_user"."last_name", "auth_user"."email", "auth_user"."is_staff", "auth_user"."is_active", "auth_user"."date_joined" FROM "auth_user" WHERE "auth_user"."id" = %s' - PARAMS = (1,); args=(1,)
(0.036) QUERY = 'SELECT "wall_post"."id", "wall_post"."author_id", "wall_post"."title", "wall_post"."text", "wall_post"."created_date" FROM "wall_post" WHERE "wall_post"."id" = %s' - PARAMS = (1,); args=(1,)
(0.002) QUERY = 'SELECT "wall_post"."id", "wall_post"."author_id", "wall_post"."title", "wall_post"."text", "wall_post"."created_date" FROM "wall_post"' - PARAMS = (); args=()
(0.012) QUERY = 'SELECT "wall_comment"."id", "wall_comment"."post_id", "wall_comment"."author", "wall_comment"."text", "wall_comment"."email", "wall_comment"."website", "wall_comment"."created_date" FROM "wall_comment" WHERE "wall_comment"."post_id" IN (%s, %s, %s, %s, %s, %s)' - PARAMS = (1, 2, 3, 4, 5, 6); args=(1, 2, 3, 4, 5, 6)
(0.002) QUERY = 'SELECT "auth_user"."id", "auth_user"."password", "auth_user"."last_login", "auth_user"."is_superuser", "auth_user"."username", "auth_user"."first_name", "auth_user"."last_name", "auth_user"."email", "auth_user"."is_staff", "auth_user"."is_active", "auth_user"."date_joined" FROM "auth_user" WHERE "auth_user"."id" = %s' - PARAMS = (1,); args=(1,)
(0.002) QUERY = 'SELECT "auth_user"."id", "auth_user"."password", "auth_user"."last_login", "auth_user"."is_superuser", "auth_user"."username", "auth_user"."first_name", "auth_user"."last_name", "auth_user"."email", "auth_user"."is_staff", "auth_user"."is_active", "auth_user"."date_joined" FROM "auth_user" WHERE "auth_user"."id" = %s' - PARAMS = (1,); args=(1,)
(0.001) QUERY = 'SELECT "auth_user"."id", "auth_user"."password", "auth_user"."last_login", "auth_user"."is_superuser", "auth_user"."username", "auth_user"."first_name", "auth_user"."last_name", "auth_user"."email", "auth_user"."is_staff", "auth_user"."is_active", "auth_user"."date_joined" FROM "auth_user" WHERE "auth_user"."id" = %s' - PARAMS = (1,); args=(1,)
(0.001) QUERY = 'SELECT "auth_user"."id", "auth_user"."password", "auth_user"."last_login", "auth_user"."is_superuser", "auth_user"."username", "auth_user"."first_name", "auth_user"."last_name", "auth_user"."email", "auth_user"."is_staff", "auth_user"."is_active", "auth_user"."date_joined" FROM "auth_user" WHERE "auth_user"."id" = %s' - PARAMS = (1,); args=(1,)
(0.001) QUERY = 'SELECT "auth_user"."id", "auth_user"."password", "auth_user"."last_login", "auth_user"."is_superuser", "auth_user"."username", "auth_user"."first_name", "auth_user"."last_name", "auth_user"."email", "auth_user"."is_staff", "auth_user"."is_active", "auth_user"."date_joined" FROM "auth_user" WHERE "auth_user"."id" = %s' - PARAMS = (1,); args=(1,)
(0.002) QUERY = 'SELECT "auth_user"."id", "auth_user"."password", "auth_user"."last_login", "auth_user"."is_superuser", "auth_user"."username", "auth_user"."first_name", "auth_user"."last_name", "auth_user"."email", "auth_user"."is_staff", "auth_user"."is_active", "auth_user"."date_joined" FROM "auth_user" WHERE "auth_user"."id" = %s' - PARAMS = (1,); args=(1,)
(0.005) QUERY = 'SELECT "wall_post"."id", "wall_post"."author_id", "wall_post"."title", "wall_post"."text", "wall_post"."created_date" FROM "wall_post" WHERE "wall_post"."id" = %s' - PARAMS = (1,); args=(1,)
(0.004) QUERY = 'SELECT "wall_post"."id", "wall_post"."author_id", "wall_post"."title", "wall_post"."text", "wall_post"."created_date" FROM "wall_post"' - PARAMS = (); args=()
(0.006) QUERY = 'SELECT "wall_comment"."id", "wall_comment"."post_id", "wall_comment"."author", "wall_comment"."text", "wall_comment"."email", "wall_comment"."website", "wall_comment"."created_date" FROM "wall_comment" WHERE "wall_comment"."post_id" IN (%s, %s, %s, %s, %s, %s)' - PARAMS = (1, 2, 3, 4, 5, 6); args=(1, 2, 3, 4, 5, 6)
(0.008) QUERY = 'SELECT "auth_user"."id", "auth_user"."password", "auth_user"."last_login", "auth_user"."is_superuser", "auth_user"."username", "auth_user"."first_name", "auth_user"."last_name", "auth_user"."email", "auth_user"."is_staff", "auth_user"."is_active", "auth_user"."date_joined" FROM "auth_user" WHERE "auth_user"."id" = %s' - PARAMS = (1,); args=(1,)
(0.018) QUERY = 'SELECT "auth_user"."id", "auth_user"."password", "auth_user"."last_login", "auth_user"."is_superuser", "auth_user"."username", "auth_user"."first_name", "auth_user"."last_name", "auth_user"."email", "auth_user"."is_staff", "auth_user"."is_active", "auth_user"."date_joined" FROM "auth_user" WHERE "auth_user"."id" = %s' - PARAMS = (1,); args=(1,)
(0.003) QUERY = 'SELECT "auth_user"."id", "auth_user"."password", "auth_user"."last_login", "auth_user"."is_superuser", "auth_user"."username", "auth_user"."first_name", "auth_user"."last_name", "auth_user"."email", "auth_user"."is_staff", "auth_user"."is_active", "auth_user"."date_joined" FROM "auth_user" WHERE "auth_user"."id" = %s' - PARAMS = (1,); args=(1,)
(0.004) QUERY = 'SELECT "auth_user"."id", "auth_user"."password", "auth_user"."last_login", "auth_user"."is_superuser", "auth_user"."username", "auth_user"."first_name", "auth_user"."last_name", "auth_user"."email", "auth_user"."is_staff", "auth_user"."is_active", "auth_user"."date_joined" FROM "auth_user" WHERE "auth_user"."id" = %s' - PARAMS = (1,); args=(1,)
(0.003) QUERY = 'SELECT "auth_user"."id", "auth_user"."password", "auth_user"."last_login", "auth_user"."is_superuser", "auth_user"."username", "auth_user"."first_name", "auth_user"."last_name", "auth_user"."email", "auth_user"."is_staff", "auth_user"."is_active", "auth_user"."date_joined" FROM "auth_user" WHERE "auth_user"."id" = %s' - PARAMS = (1,); args=(1,)
(0.003) QUERY = 'SELECT "auth_user"."id", "auth_user"."password", "auth_user"."last_login", "auth_user"."is_superuser", "auth_user"."username", "auth_user"."first_name", "auth_user"."last_name", "auth_user"."email", "auth_user"."is_staff", "auth_user"."is_active", "auth_user"."date_joined" FROM "auth_user" WHERE "auth_user"."id" = %s' - PARAMS = (1,); args=(1,)
(0.005) QUERY = "\n            SELECT name, type FROM sqlite_master\n            WHERE type in ('table', 'view') AND NOT name='sqlite_sequence'\n            ORDER BY name" - PARAMS = (); args=None
(0.002) QUERY = 'SELECT "django_migrations"."app", "django_migrations"."name" FROM "django_migrations"' - PARAMS = (); args=()
(0.004) QUERY = "\n            SELECT name, type FROM sqlite_master\n            WHERE type in ('table', 'view') AND NOT name='sqlite_sequence'\n            ORDER BY name" - PARAMS = (); args=None
(0.002) QUERY = 'SELECT "django_migrations"."app", "django_migrations"."name" FROM "django_migrations"' - PARAMS = (); args=()
(0.004) QUERY = "\n            SELECT name, type FROM sqlite_master\n            WHERE type in ('table', 'view') AND NOT name='sqlite_sequence'\n            ORDER BY name" - PARAMS = (); args=None
(0.001) QUERY = 'SELECT "django_migrations"."app", "django_migrations"."name" FROM "django_migrations"' - PARAMS = (); args=()
(0.005) QUERY = "\n            SELECT name, type FROM sqlite_master\n            WHERE type in ('table', 'view') AND NOT name='sqlite_sequence'\n            ORDER BY name" - PARAMS = (); args=None
(0.001) QUERY = 'SELECT "django_migrations"."app", "django_migrations"."name" FROM "django_migrations"' - PARAMS = (); args=()
(0.007) QUERY = 'SELECT "wall_post"."id", "wall_post"."author_id", "wall_post"."title", "wall_post"."text", "wall_post"."created_date" FROM "wall_post" WHERE "wall_post"."id" = %s' - PARAMS = (1,); args=(1,)
(0.002) QUERY = 'SELECT "wall_post"."id", "wall_post"."author_id", "wall_post"."title", "wall_post"."text", "wall_post"."created_date" FROM "wall_post"' - PARAMS = (); args=()
(0.001) QUERY = 'SELECT "wall_comment"."id", "wall_comment"."post_id", "wall_comment"."author", "wall_comment"."text", "wall_comment"."email", "wall_comment"."website", "wall_comment"."created_date" FROM "wall_comment" WHERE "wall_comment"."post_id" IN (%s, %s, %s, %s, %s, %s)' - PARAMS = (1, 2, 3, 4, 5, 6); args=(1, 2, 3, 4, 5, 6)
(0.001) QUERY = 'SELECT "auth_user"."id", "auth_user"."password", "auth_user"."last_login", "auth_user"."is_superuser", "auth_user"."username", "auth_user"."first_name", "auth_user"."last_name", "auth_user"."email", "auth_user"."is_staff", "auth_user"."is_active", "auth_user"."date_joined" FROM "auth_user" WHERE "auth_user"."id" = %s' - PARAMS = (1,); args=(1,)
(0.002) QUERY = 'SELECT "auth_user"."id", "auth_user"."password", "auth_user"."last_login", "auth_user"."is_superuser", "auth_user"."username", "auth_user"."first_name", "auth_user"."last_name", "auth_user"."email", "auth_user"."is_staff", "auth_user"."is_active", "auth_user"."date_joined" FROM "auth_user" WHERE "auth_user"."id" = %s' - PARAMS = (1,); args=(1,)
(0.001) QUERY = 'SELECT "auth_user"."id", "auth_user"."password", "auth_user"."last_login", "auth_user"."is_superuser", "auth_user"."username", "auth_user"."first_name", "auth_user"."last_name", "auth_user"."email", "auth_user"."is_staff", "auth_user"."is_active", "auth_user"."date_joined" FROM "auth_user" WHERE "auth_user"."id" = %s' - PARAMS = (1,); args=(1,)
(0.001) QUERY = 'SELECT "auth_user"."id", "auth_user"."password", "auth_user"."last_login", "auth_user"."is_superuser", "auth_user"."username", "auth_user"."first_name", "auth_user"."last_name", "auth_user"."email", "auth_user"."is_staff", "auth_user"."is_active", "auth_user"."date_joined" FROM "auth_user" WHERE "auth_user"."id" = %s' - PARAMS = (1,); args=(1,)
(0.002) QUERY = 'SELECT "auth_user"."id", "auth_user"."password", "auth_user"."last_login", "auth_user"."is_superuser", "auth_user"."username", "auth_user"."first_name", "auth_user"."last_name", "auth_user"."email", "auth_user"."is_staff", "auth_user"."is_active", "auth_user"."date_joined" FROM "auth_user" WHERE "auth_user"."id" = %s' - PARAMS = (1,); args=(1,)
(0.001) QUERY = 'SELECT "auth_user"."id", "auth_user"."password", "auth_user"."last_login", "auth_user"."is_superuser", "auth_user"."username", "auth_user"."first_name", "auth_user"."last_name", "auth_user"."email", "auth_user"."is_staff", "auth_user"."is_active", "auth_user"."date_joined" FROM "auth_user" WHERE "auth_user"."id" = %s' - PARAMS = (1,); args=(1,)
(0.004) QUERY = "\n            SELECT name, type FROM sqlite_master\n            WHERE type in ('table', 'view') AND NOT name='sqlite_sequence'\n            ORDER BY name" - PARAMS = (); args=None
(0.001) QUERY = 'SELECT "django_migrations"."app", "django_migrations"."name" FROM "django_migrations"' - PARAMS = (); args=()
(0.003) QUERY = 'SELECT "wall_post"."id", "wall_post"."author_id", "wall_post"."title", "wall_post"."text", "wall_post"."created_date" FROM "wall_post" WHERE "wall_post"."id" = %s' - PARAMS = (1,); args=(1,)
(0.001) QUERY = 'SELECT "wall_post"."id", "wall_post"."author_id", "wall_post"."title", "wall_post"."text", "wall_post"."created_date" FROM "wall_post"' - PARAMS = (); args=()
(0.001) QUERY = 'SELECT "wall_comment"."id", "wall_comment"."post_id", "wall_comment"."author", "wall_comment"."text", "wall_comment"."email", "wall_comment"."website", "wall_comment"."created_date" FROM "wall_comment" WHERE "wall_comment"."post_id" IN (%s, %s, %s, %s, %s, %s)' - PARAMS = (1, 2, 3, 4, 5, 6); args=(1, 2, 3, 4, 5, 6)
(0.001) QUERY = 'SELECT "auth_user"."id", "auth_user"."password", "auth_user"."last_login", "auth_user"."is_superuser", "auth_user"."username", "auth_user"."first_name", "auth_user"."last_name", "auth_user"."email", "auth_user"."is_staff", "auth_user"."is_active", "auth_user"."date_joined" FROM "auth_user" WHERE "auth_user"."id" = %s' - PARAMS = (1,); args=(1,)
(0.001) QUERY = 'SELECT "auth_user"."id", "auth_user"."password", "auth_user"."last_login", "auth_user"."is_superuser", "auth_user"."username", "auth_user"."first_name", "auth_user"."last_name", "auth_user"."email", "auth_user"."is_staff", "auth_user"."is_active", "auth_user"."date_joined" FROM "auth_user" WHERE "auth_user"."id" = %s' - PARAMS = (1,); args=(1,)
(0.001) QUERY = 'SELECT "auth_user"."id", "auth_user"."password", "auth_user"."last_login", "auth_user"."is_superuser", "auth_user"."username", "auth_user"."first_name", "auth_user"."last_name", "auth_user"."email", "auth_user"."is_staff", "auth_user"."is_active", "auth_user"."date_joined" FROM "auth_user" WHERE "auth_user"."id" = %s' - PARAMS = (1,); args=(1,)
(0.001) QUERY = 'SELECT "auth_user"."id", "auth_user"."password", "auth_user"."last_login", "auth_user"."is_superuser", "auth_user"."username", "auth_user"."first_name", "auth_user"."last_name", "auth_user"."email", "auth_user"."is_staff", "auth_user"."is_active", "auth_user"."date_joined" FROM "auth_user" WHERE "auth_user"."id" = %s' - PARAMS = (1,); args=(1,)
(0.001) QUERY = 'SELECT "auth_user"."id", "auth_user"."password", "auth_user"."last_login", "auth_user"."is_superuser", "auth_user"."username", "auth_user"."first_name", "auth_user"."last_name", "auth_user"."email", "auth_user"."is_staff", "auth_user"."is_active", "auth_user"."date_joined" FROM "auth_user" WHERE "auth_user"."id" = %s' - PARAMS = (1,); args=(1,)
(0.001) QUERY = 'SELECT "auth_user"."id", "auth_user"."password", "auth_user"."last_login", "auth_user"."is_superuser", "auth_user"."username", "auth_user"."first_name", "auth_user"."last_name", "auth_user"."email", "auth_user"."is_staff", "auth_user"."is_active", "auth_user"."date_joined" FROM "auth_user" WHERE "auth_user"."id" = %s' - PARAMS = (1,); args=(1,)
(0.016) QUERY = "\n            SELECT name, type FROM sqlite_master\n            WHERE type in ('table', 'view') AND NOT name='sqlite_sequence'\n            ORDER BY name" - PARAMS = (); args=None
(0.001) QUERY = 'SELECT "django_migrations"."app", "django_migrations"."name" FROM "django_migrations"' - PARAMS = (); args=()
(0.003) QUERY = 'SELECT "wall_post"."id", "wall_post"."author_id", "wall_post"."title", "wall_post"."text", "wall_post"."created_date" FROM "wall_post" WHERE "wall_post"."id" = %s' - PARAMS = (1,); args=(1,)
(0.002) QUERY = 'SELECT "wall_post"."id", "wall_post"."author_id", "wall_post"."title", "wall_post"."text", "wall_post"."created_date" FROM "wall_post"' - PARAMS = (); args=()
(0.001) QUERY = 'SELECT "wall_comment"."id", "wall_comment"."post_id", "wall_comment"."author", "wall_comment"."text", "wall_comment"."email", "wall_comment"."website", "wall_comment"."created_date" FROM "wall_comment" WHERE "wall_comment"."post_id" IN (%s, %s, %s, %s, %s, %s)' - PARAMS = (1, 2, 3, 4, 5, 6); args=(1, 2, 3, 4, 5, 6)
(0.001) QUERY = 'SELECT "auth_user"."id", "auth_user"."password", "auth_user"."last_login", "auth_user"."is_superuser", "auth_user"."username", "auth_user"."first_name", "auth_user"."last_name", "auth_user"."email", "auth_user"."is_staff", "auth_user"."is_active", "auth_user"."date_joined" FROM "auth_user" WHERE "auth_user"."id" = %s' - PARAMS = (1,); args=(1,)
(0.001) QUERY = 'SELECT "auth_user"."id", "auth_user"."password", "auth_user"."last_login", "auth_user"."is_superuser", "auth_user"."username", "auth_user"."first_name", "auth_user"."last_name", "auth_user"."email", "auth_user"."is_staff", "auth_user"."is_active", "auth_user"."date_joined" FROM "auth_user" WHERE "auth_user"."id" = %s' - PARAMS = (1,); args=(1,)
(0.001) QUERY = 'SELECT "auth_user"."id", "auth_user"."password", "auth_user"."last_login", "auth_user"."is_superuser", "auth_user"."username", "auth_user"."first_name", "auth_user"."last_name", "auth_user"."email", "auth_user"."is_staff", "auth_user"."is_active", "auth_user"."date_joined" FROM "auth_user" WHERE "auth_user"."id" = %s' - PARAMS = (1,); args=(1,)
(0.001) QUERY = 'SELECT "auth_user"."id", "auth_user"."password", "auth_user"."last_login", "auth_user"."is_superuser", "auth_user"."username", "auth_user"."first_name", "auth_user"."last_name", "auth_user"."email", "auth_user"."is_staff", "auth_user"."is_active", "auth_user"."date_joined" FROM "auth_user" WHERE "auth_user"."id" = %s' - PARAMS = (1,); args=(1,)
(0.001) QUERY = 'SELECT "auth_user"."id", "auth_user"."password", "auth_user"."last_login", "auth_user"."is_superuser", "auth_user"."username", "auth_user"."first_name", "auth_user"."last_name", "auth_user"."email", "auth_user"."is_staff", "auth_user"."is_active", "auth_user"."date_joined" FROM "auth_user" WHERE "auth_user"."id" = %s' - PARAMS = (1,); args=(1,)
(0.001) QUERY = 'SELECT "auth_user"."id", "auth_user"."password", "auth_user"."last_login", "auth_user"."is_superuser", "auth_user"."username", "auth_user"."first_name", "auth_user"."last_name", "auth_user"."email", "auth_user"."is_staff", "auth_user"."is_active", "auth_user"."date_joined" FROM "auth_user" WHERE "auth_user"."id" = %s' - PARAMS = (1,); args=(1,)
(0.006) QUERY = 'SELECT "wall_post"."id", "wall_post"."author_id", "wall_post"."title", "wall_post"."text", "wall_post"."created_date" FROM "wall_post" WHERE "wall_post"."id" = %s' - PARAMS = (1,); args=(1,)
(0.002) QUERY = 'SELECT "wall_post"."id", "wall_post"."author_id", "wall_post"."title", "wall_post"."text", "wall_post"."created_date" FROM "wall_post"' - PARAMS = (); args=()
(0.001) QUERY = 'SELECT "wall_comment"."id", "wall_comment"."post_id", "wall_comment"."author", "wall_comment"."text", "wall_comment"."email", "wall_comment"."website", "wall_comment"."created_date" FROM "wall_comment" WHERE "wall_comment"."post_id" IN (%s, %s, %s, %s, %s, %s)' - PARAMS = (1, 2, 3, 4, 5, 6); args=(1, 2, 3, 4, 5, 6)
(0.001) QUERY = 'SELECT "auth_user"."id", "auth_user"."password", "auth_user"."last_login", "auth_user"."is_superuser", "auth_user"."username", "auth_user"."first_name", "auth_user"."last_name", "auth_user"."email", "auth_user"."is_staff", "auth_user"."is_active", "auth_user"."date_joined" FROM "auth_user" WHERE "auth_user"."id" = %s' - PARAMS = (1,); args=(1,)
(0.002) QUERY = 'SELECT "auth_user"."id", "auth_user"."password", "auth_user"."last_login", "auth_user"."is_superuser", "auth_user"."username", "auth_user"."first_name", "auth_user"."last_name", "auth_user"."email", "auth_user"."is_staff", "auth_user"."is_active", "auth_user"."date_joined" FROM "auth_user" WHERE "auth_user"."id" = %s' - PARAMS = (1,); args=(1,)
(0.001) QUERY = 'SELECT "auth_user"."id", "auth_user"."password", "auth_user"."last_login", "auth_user"."is_superuser", "auth_user"."username", "auth_user"."first_name", "auth_user"."last_name", "auth_user"."email", "auth_user"."is_staff", "auth_user"."is_active", "auth_user"."date_joined" FROM "auth_user" WHERE "auth_user"."id" = %s' - PARAMS = (1,); args=(1,)
(0.001) QUERY = 'SELECT "auth_user"."id", "auth_user"."password", "auth_user"."last_login", "auth_user"."is_superuser", "auth_user"."username", "auth_user"."first_name", "auth_user"."last_name", "auth_user"."email", "auth_user"."is_staff", "auth_user"."is_active", "auth_user"."date_joined" FROM "auth_user" WHERE "auth_user"."id" = %s' - PARAMS = (1,); args=(1,)
(0.003) QUERY = 'SELECT "auth_user"."id", "auth_user"."password", "auth_user"."last_login", "auth_user"."is_superuser", "auth_user"."username", "auth_user"."first_name", "auth_user"."last_name", "auth_user"."email", "auth_user"."is_staff", "auth_user"."is_active", "auth_user"."date_joined" FROM "auth_user" WHERE "auth_user"."id" = %s' - PARAMS = (1,); args=(1,)
(0.001) QUERY = 'SELECT "auth_user"."id", "auth_user"."password", "auth_user"."last_login", "auth_user"."is_superuser", "auth_user"."username", "auth_user"."first_name", "auth_user"."last_name", "auth_user"."email", "auth_user"."is_staff", "auth_user"."is_active", "auth_user"."date_joined" FROM "auth_user" WHERE "auth_user"."id" = %s' - PARAMS = (1,); args=(1,)
Not Found: /static/css/wall.css
